<?xml version="1.0" encoding="UTF-8"?>
<!-- Generated by org.testng.reporters.JUnitXMLReporter -->
<testsuite ignored="0" hostname="Aruns-MacBook-Air.local" failures="0" tests="3" name="Default test" time="0.087" errors="0" timestamp="2024-05-02T20:04:49 IST">
  <testcase classname="Test.dataproviderparameterise" name="login" time="0.008"/>
  <testcase classname="Test.dataproviderparameterise" name="login" time="0.002"/>
  <testcase classname="Test.dataproviderparameterise" name="login" time="0.003"/>
</testsuite> <!-- Default test -->
