<?xml version="1.0" encoding="UTF-8"?>
<!-- Generated by org.testng.reporters.JUnitXMLReporter -->
<testsuite ignored="3" hostname="Aruns-MacBook-Air.local" failures="0" tests="2" name="carloan" time="0.013" errors="0" timestamp="2024-04-30T18:05:10 IST">
  <testcase classname="Test.testngdemoprc2" name="apilogincarlaonlogin" time="0.002"/>
  <testcase classname="Test.testngdemoprc2" name="weblogincarlaonlogin" time="0.003"/>
  <testcase classname="Test.testngdemoprc2" name="applogincarlaonloginsignout" time="0.0">
    <ignored/>
  </testcase> <!-- applogincarlaonloginsignout -->
  <testcase classname="Test.testngdemoprc2" name="applogincarlaonlogigsignin" time="0.0">
    <ignored/>
  </testcase> <!-- applogincarlaonlogigsignin -->
  <testcase classname="Test.testngdemoprc2" name="applogincarlaonlogin" time="0.0">
    <ignored/>
  </testcase> <!-- applogincarlaonlogin -->
</testsuite> <!-- carloan -->
