<?xml version="1.0" encoding="UTF-8"?>
<!-- Generated by org.testng.reporters.JUnitXMLReporter -->
<testsuite ignored="0" hostname="Aruns-MacBook-Air.local" failures="0" tests="11" name="TestNGDEMO" time="0.153" errors="0" timestamp="2024-05-02T18:53:12 IST">
  <testcase classname="Test.testngdemoprc3" name="apiloginHomelaonlogin" time="0.009"/>
  <testcase classname="Test.testngdemoprc3" name="apploginHomelaonlogin" time="0.002"/>
  <testcase classname="Test.testngdemoprc3" name="webloginhomelaonlogin" time="0.002"/>
  <testcase classname="Test.testngdemoprc1" name="day2" time="0.001"/>
  <testcase classname="Test.testngdemoprc2" name="apilogincarlaonlogin" time="0.002"/>
  <testcase classname="Test.testngdemoprc2" name="applogincarlaonlogigsignin" time="0.005"/>
  <testcase classname="Test.testngdemoprc2" name="applogincarlaonlogin" time="0.011"/>
  <testcase classname="Test.testngdemoprc2" name="applogincarlaonloginsignout" time="0.001"/>
  <testcase classname="Test.testngdemoprc2" name="weblogincarlaonlogin" time="0.002"/>
  <testcase classname="Test.testngdemoprc" name="day1" time="0.005"/>
  <testcase classname="Test.testngdemoprc" name="day3" time="0.001"/>
</testsuite> <!-- TestNGDEMO -->
