<?xml version="1.0" encoding="UTF-8"?>
<testng-results ignored="0" total="3" passed="3" failed="0" skipped="0">
  <reporter-output>
  </reporter-output>
  <suite started-at="2024-05-02T20:04:43 IST" name="Default suite" finished-at="2024-05-02T20:04:43 IST" duration-ms="87">
    <groups>
    </groups>
    <test started-at="2024-05-02T20:04:43 IST" name="Default test" finished-at="2024-05-02T20:04:43 IST" duration-ms="87">
      <class name="Test.dataproviderparameterise">
        <test-method signature="login(java.lang.String,java.lang.String)[pri:0, instance:Test.dataproviderparameterise@53976f5c]" started-at="2024-05-02T20:04:43 IST" name="login" data-provider="getData" finished-at="2024-05-02T20:04:43 IST" duration-ms="8" status="PASS">
          <params>
            <param index="0">
              <value>
                <![CDATA[user1]]>
              </value>
            </param>
            <param index="1">
              <value>
                <![CDATA[pwd1]]>
              </value>
            </param>
          </params>
          <reporter-output>
          </reporter-output>
        </test-method> <!-- login -->
        <test-method signature="login(java.lang.String,java.lang.String)[pri:0, instance:Test.dataproviderparameterise@53976f5c]" started-at="2024-05-02T20:04:43 IST" name="login" data-provider="getData" finished-at="2024-05-02T20:04:43 IST" duration-ms="2" status="PASS">
          <params>
            <param index="0">
              <value>
                <![CDATA[user1]]>
              </value>
            </param>
            <param index="1">
              <value>
                <![CDATA[pwd1]]>
              </value>
            </param>
          </params>
          <reporter-output>
          </reporter-output>
        </test-method> <!-- login -->
        <test-method signature="login(java.lang.String,java.lang.String)[pri:0, instance:Test.dataproviderparameterise@53976f5c]" started-at="2024-05-02T20:04:43 IST" name="login" data-provider="getData" finished-at="2024-05-02T20:04:43 IST" duration-ms="3" status="PASS">
          <params>
            <param index="0">
              <value>
                <![CDATA[user1]]>
              </value>
            </param>
            <param index="1">
              <value>
                <![CDATA[pwd1]]>
              </value>
            </param>
          </params>
          <reporter-output>
          </reporter-output>
        </test-method> <!-- login -->
      </class> <!-- Test.dataproviderparameterise -->
    </test> <!-- Default test -->
  </suite> <!-- Default suite -->
</testng-results>
